proguard/seeds.txt
com.stiggpwnz.schedule.PreferenceActivity
com.stiggpwnz.schedule.PreferenceActivity: PreferenceActivity()
com.stiggpwnz.schedule.R$array: int days
com.stiggpwnz.schedule.R$array: int faculties
com.stiggpwnz.schedule.R$array: int filenames
com.stiggpwnz.schedule.R$array: int groups_prefix
com.stiggpwnz.schedule.R$array: int times
com.stiggpwnz.schedule.R$attr: int absForceOverflow
com.stiggpwnz.schedule.R$attr: int actionBarDivider
com.stiggpwnz.schedule.R$attr: int actionBarItemBackground
com.stiggpwnz.schedule.R$attr: int actionBarSize
com.stiggpwnz.schedule.R$attr: int actionBarSplitStyle
com.stiggpwnz.schedule.R$attr: int actionBarStyle
com.stiggpwnz.schedule.R$attr: int actionBarTabBarStyle
com.stiggpwnz.schedule.R$attr: int actionBarTabStyle
com.stiggpwnz.schedule.R$attr: int actionBarTabTextStyle
com.stiggpwnz.schedule.R$attr: int actionBarWidgetTheme
com.stiggpwnz.schedule.R$attr: int actionButtonStyle
com.stiggpwnz.schedule.R$attr: int actionDropDownStyle
com.stiggpwnz.schedule.R$attr: int actionMenuTextAppearance
com.stiggpwnz.schedule.R$attr: int actionMenuTextColor
com.stiggpwnz.schedule.R$attr: int actionModeBackground
com.stiggpwnz.schedule.R$attr: int actionModeCloseButtonStyle
com.stiggpwnz.schedule.R$attr: int actionModeCloseDrawable
com.stiggpwnz.schedule.R$attr: int actionModePopupWindowStyle
com.stiggpwnz.schedule.R$attr: int actionModeShareDrawable
com.stiggpwnz.schedule.R$attr: int actionModeSplitBackground
com.stiggpwnz.schedule.R$attr: int actionModeStyle
com.stiggpwnz.schedule.R$attr: int actionOverflowButtonStyle
com.stiggpwnz.schedule.R$attr: int actionSpinnerItemStyle
com.stiggpwnz.schedule.R$attr: int activatedBackgroundIndicator
com.stiggpwnz.schedule.R$attr: int activityChooserViewStyle
com.stiggpwnz.schedule.R$attr: int background
com.stiggpwnz.schedule.R$bool: int abs__action_bar_embed_tabs
com.stiggpwnz.schedule.R$bool: int abs__action_bar_expanded_action_views_exclusive
com.stiggpwnz.schedule.R$bool: int abs__config_actionMenuItemAllCaps
com.stiggpwnz.schedule.R$bool: int abs__config_allowActionMenuItemTextWithIcon
com.stiggpwnz.schedule.R$bool: int abs__config_showMenuShortcutsWhenKeyboardPresent
com.stiggpwnz.schedule.R$bool: int abs__split_action_bar_is_narrow
com.stiggpwnz.schedule.R$color: int abs__background_holo_dark
com.stiggpwnz.schedule.R$color: int abs__background_holo_light
com.stiggpwnz.schedule.R$color: int abs__bright_foreground_disabled_holo_dark
com.stiggpwnz.schedule.R$color: int abs__bright_foreground_disabled_holo_light
com.stiggpwnz.schedule.R$color: int abs__bright_foreground_holo_dark
com.stiggpwnz.schedule.R$color: int abs__bright_foreground_holo_light
com.stiggpwnz.schedule.R$color: int abs__bright_foreground_inverse_holo_dark
com.stiggpwnz.schedule.R$color: int abs__bright_foreground_inverse_holo_light
com.stiggpwnz.schedule.R$color: int abs__holo_blue_light
com.stiggpwnz.schedule.R$color: int abs__primary_text_disable_only_holo_dark
com.stiggpwnz.schedule.R$color: int abs__primary_text_disable_only_holo_light
com.stiggpwnz.schedule.R$color: int abs__primary_text_holo_dark
com.stiggpwnz.schedule.R$color: int abs__primary_text_holo_light
com.stiggpwnz.schedule.R$color: int blue
com.stiggpwnz.schedule.R$color: int silver
...
org.apache.poi.ss.usermodel.DataValidationHelper
org.apache.poi.ss.usermodel.DataValidationHelper: org.apache.poi.ss.usermodel.DataValidationConstraint createFormulaListConstraint(java.lang.String)
org.apache.poi.ss.usermodel.DataValidationHelper: org.apache.poi.ss.usermodel.DataValidationConstraint createExplicitListConstraint(java.lang.String[])
org.apache.poi.ss.usermodel.DataValidationHelper: org.apache.poi.ss.usermodel.DataValidationConstraint createNumericConstraint(int,int,java.lang.String,java.lang.String)
org.apache.poi.ss.usermodel.DataValidationHelper: org.apache.poi.ss.usermodel.DataValidationConstraint createTextLengthConstraint(int,java.lang.String,java.lang.String)
org.apache.poi.ss.usermodel.DataValidationHelper: org.apache.poi.ss.usermodel.DataValidationConstraint createDecimalConstraint(int,java.lang.String,java.lang.String)
org.apache.poi.ss.usermodel.DataValidationHelper: org.apache.poi.ss.usermodel.DataValidationConstraint createIntegerConstraint(int,java.lang.String,java.lang.String)
org.apache.poi.ss.usermodel.DataValidationHelper: org.apache.poi.ss.usermodel.DataValidationConstraint createDateConstraint(int,java.lang.String,java.lang.String,java.lang.String)
org.apache.poi.ss.usermodel.DataValidationHelper: org.apache.poi.ss.usermodel.DataValidationConstraint createTimeConstraint(int,java.lang.String,java.lang.String)
org.apache.poi.ss.usermodel.DateUtil
org.apache.poi.ss.usermodel.DateUtil: int SECONDS_PER_MINUTE
org.apache.poi.ss.usermodel.DateUtil: int MINUTES_PER_HOUR
org.apache.poi.ss.usermodel.DateUtil: int HOURS_PER_DAY
org.apache.poi.ss.usermodel.DateUtil: int SECONDS_PER_DAY
org.apache.poi.ss.usermodel.DateUtil: int BAD_DATE
org.apache.poi.ss.usermodel.DateUtil: long DAY_MILLISECONDS
org.apache.poi.ss.usermodel.DateUtil: java.util.regex.Pattern TIME_SEPARATOR_PATTERN
org.apache.poi.ss.usermodel.DateUtil: java.util.regex.Pattern date_ptrn1
org.apache.poi.ss.usermodel.DateUtil: java.util.regex.Pattern date_ptrn2
org.apache.poi.ss.usermodel.DateUtil: java.util.regex.Pattern date_ptrn3
org.apache.poi.ss.usermodel.DateUtil: java.util.regex.Pattern date_ptrn4
org.apache.poi.ss.usermodel.DateUtil: DateUtil()
org.apache.poi.ss.usermodel.DateUtil: double getExcelDate(java.util.Date)
org.apache.poi.ss.usermodel.DateUtil: double getExcelDate(java.util.Date,boolean)
org.apache.poi.ss.usermodel.DateUtil: double getExcelDate(java.util.Calendar,boolean)
org.apache.poi.ss.usermodel.DateUtil: double internalGetExcelDate(java.util.Calendar,boolean)
org.apache.poi.ss.usermodel.DateUtil: java.util.Date getJavaDate(double)
org.apache.poi.ss.usermodel.DateUtil: java.util.Date getJavaDate(double,boolean)
org.apache.poi.ss.usermodel.DateUtil: void setCalendar(java.util.Calendar,int,int,boolean)
org.apache.poi.ss.usermodel.DateUtil: boolean isADateFormat(int,java.lang.String)
org.apache.poi.ss.usermodel.DateUtil$FormatException
org.apache.poi.ss.usermodel.DateUtil$FormatException: DateUtil$FormatException(java.lang.String)
org.apache.poi.ss.usermodel.Drawing
org.apache.poi.ss.usermodel.Drawing: org.apache.poi.ss.usermodel.Picture createPicture(org.apache.poi.ss.usermodel.ClientAnchor,int)
org.apache.poi.ss.usermodel.Drawing: org.apache.poi.ss.usermodel.Comment createCellComment(org.apache.poi.ss.usermodel.ClientAnchor)
org.apache.poi.ss.usermodel.Drawing: org.apache.poi.ss.usermodel.Chart createChart(org.apache.poi.ss.usermodel.ClientAnchor)
org.apache.poi.ss.usermodel.Drawing: org.apache.poi.ss.usermodel.ClientAnchor createAnchor(int,int,int,int,int,int,int,int)