proguard/mapping.txt
com.stiggpwnz.schedule.DayFragment -> com.stiggpwnz.schedule.a:
    com.stiggpwnz.schedule.LessonsAdapter adapter -> a
    com.stiggpwnz.schedule.DayFragment$Listener listener -> b
    int day -> c
    void onAttach(android.app.Activity) -> onAttach
    void onViewCreated(android.view.View,android.os.Bundle) -> onViewCreated
    void onListItemClick(android.widget.ListView,android.view.View,int,long) -> onListItemClick
    void onDetach() -> onDetach
    void setLessons(java.lang.String[]) -> a
    void updateLesson() -> a
    void setToday(boolean) -> a
    void setLesson(int,java.lang.String) -> a
com.stiggpwnz.schedule.DayFragment$Listener -> com.stiggpwnz.schedule.b:
    java.lang.String getActualStringData(int,int) -> a
com.stiggpwnz.schedule.DaysAdapter -> com.stiggpwnz.schedule.c:
    android.content.Context context -> a
    java.lang.String[][] lessons -> b
    com.stiggpwnz.schedule.DayFragment[] fragments -> c
    int day -> d
    void setLesson(int,int,java.lang.String) -> a
    void updateLesson() -> a
    void setDay(int) -> a
    com.stiggpwnz.schedule.DayFragment getItem(int) -> b
    java.lang.Object instantiateItem(android.view.ViewGroup,int) -> instantiateItem
    void setLessons(java.lang.String[][]) -> a
    int getCount() -> getCount
    java.lang.CharSequence getPageTitle(int) -> getPageTitle
    android.support.v4.app.Fragment getItem(int) -> getItem
com.stiggpwnz.schedule.EditLessonFragment -> com.stiggpwnz.schedule.d:
    android.widget.EditText edit -> a
    com.stiggpwnz.schedule.EditLessonFragment$Listener listener -> b
    com.stiggpwnz.schedule.EditLessonFragment newInstance(int,int,java.lang.String) -> a
    void onAttach(android.app.Activity) -> onAttach
    android.app.Dialog onCreateDialog(android.os.Bundle) -> onCreateDialog
    void onViewCreated(android.view.View,android.os.Bundle) -> onViewCreated
    void onSaveInstanceState(android.os.Bundle) -> onSaveInstanceState
    void onDetach() -> onDetach
    android.widget.EditText access$0(com.stiggpwnz.schedule.EditLessonFragment) -> a
    com.stiggpwnz.schedule.EditLessonFragment$Listener access$1(com.stiggpwnz.schedule.EditLessonFragment) -> b
com.stiggpwnz.schedule.EditLessonFragment$1 -> com.stiggpwnz.schedule.e:
    com.stiggpwnz.schedule.EditLessonFragment this$0 -> a
    void onClick(android.content.DialogInterface,int) -> onClick
com.stiggpwnz.schedule.EditLessonFragment$2 -> com.stiggpwnz.schedule.f:
    com.stiggpwnz.schedule.EditLessonFragment this$0 -> a
    void onClick(android.content.DialogInterface,int) -> onClick
com.stiggpwnz.schedule.EditLessonFragment$Listener -> com.stiggpwnz.schedule.g:
    void saveLesson(int,int,java.lang.String) -> a
com.stiggpwnz.schedule.LessonsAdapter -> com.stiggpwnz.schedule.h:
    android.view.LayoutInflater inflater -> a
    java.lang.String[] times -> b
    java.lang.String[] lessons -> c
    int blue -> d
    android.graphics.drawable.Drawable white -> e
    int lesson -> f
    boolean today -> g
    void setLessons(java.lang.String[]) -> a
    void setLesson(int,java.lang.String) -> a
    void setToday(boolean) -> a
    int getCount() -> getCount
    java.lang.String getItem(int) -> a
    long getItemId(int) -> getItemId
    android.view.View getView(int,android.view.View,android.view.ViewGroup) -> getView
    void updateLesson() -> a
    java.lang.Object getItem(int) -> getItem
com.stiggpwnz.schedule.LessonsAdapter$ViewHolder -> com.stiggpwnz.schedule.i:
    android.widget.TextView time -> a
    android.widget.TextView lesson -> b
...
org.apache.poi.util.BinaryTree$4$1 -> org.apache.poi.util.BinaryTree$4$1:
    org.apache.poi.util.BinaryTree$4 this$1 -> this$1
    java.lang.Object doGetNext() -> doGetNext
org.apache.poi.util.BinaryTree$5 -> org.apache.poi.util.BinaryTree$5:
    org.apache.poi.util.BinaryTree this$0 -> this$0
    java.util.Iterator iterator() -> iterator
    int size() -> size
    boolean contains(java.lang.Object) -> contains
    boolean remove(java.lang.Object) -> remove
    boolean removeAll(java.util.Collection) -> removeAll
    void clear() -> clear
org.apache.poi.util.BinaryTree$5$1 -> org.apache.poi.util.BinaryTree$5$1:
    org.apache.poi.util.BinaryTree$5 this$1 -> this$1
    java.lang.Object doGetNext() -> doGetNext
org.apache.poi.util.BinaryTree$6 -> org.apache.poi.util.BinaryTree$6:
    org.apache.poi.util.BinaryTree this$0 -> this$0
    java.util.Iterator iterator() -> iterator
    boolean contains(java.lang.Object) -> contains
    boolean remove(java.lang.Object) -> remove
    int size() -> size
    void clear() -> clear
org.apache.poi.util.BinaryTree$6$1 -> org.apache.poi.util.BinaryTree$6$1:
    org.apache.poi.util.BinaryTree$6 this$1 -> this$1
    java.lang.Object doGetNext() -> doGetNext
org.apache.poi.util.BinaryTree$BinaryTreeIterator -> org.apache.poi.util.BinaryTree$BinaryTreeIterator:
    int _expected_modifications -> _expected_modifications
    org.apache.poi.util.BinaryTree$Node _last_returned_node -> _last_returned_node
    org.apache.poi.util.BinaryTree$Node _next_node -> _next_node
    int _type -> _type
    org.apache.poi.util.BinaryTree this$0 -> this$0
    java.lang.Object doGetNext() -> doGetNext
    boolean hasNext() -> hasNext
    java.lang.Object next() -> next
    void remove() -> remove
org.apache.poi.util.BinaryTree$Node -> org.apache.poi.util.BinaryTree$Node:
    java.lang.Comparable[] _data -> _data
    org.apache.poi.util.BinaryTree$Node[] _left -> _left
    org.apache.poi.util.BinaryTree$Node[] _right -> _right
    org.apache.poi.util.BinaryTree$Node[] _parent -> _parent
    boolean[] _black -> _black
    int _hashcode -> _hashcode
    boolean _calculated_hashcode -> _calculated_hashcode
    java.lang.Comparable getData(int) -> getData
    void setLeft(org.apache.poi.util.BinaryTree$Node,int) -> setLeft
    org.apache.poi.util.BinaryTree$Node getLeft(int) -> getLeft
    void setRight(org.apache.poi.util.BinaryTree$Node,int) -> setRight
    org.apache.poi.util.BinaryTree$Node getRight(int) -> getRight
    void setParent(org.apache.poi.util.BinaryTree$Node,int) -> setParent
    org.apache.poi.util.BinaryTree$Node getParent(int) -> getParent
    void swapColors(org.apache.poi.util.BinaryTree$Node,int) -> swapColors
    boolean isBlack(int) -> isBlack
    boolean isRed(int) -> isRed
    void setBlack(int) -> setBlack
    void setRed(int) -> setRed
    void copyColor(org.apache.poi.util.BinaryTree$Node,int) -> copyColor
    java.lang.Object getKey() -> getKey
    java.lang.Object getValue() -> getValue
    java.lang.Object setValue(java.lang.Object) -> setValue
    boolean equals(java.lang.Object) -> equals
    int hashCode() -> hashCode
org.apache.poi.util.BitField -> org.apache.poi.util.BitField:
    int _mask -> _mask
    int _shift_count -> _shift_count
    int getValue(int) -> getValue
    short getShortValue(short) -> getShortValue
    int getRawValue(int) -> getRawValue
    short getShortRawValue(short) -> getShortRawValue
    boolean isSet(int) -> isSet
    boolean isAllSet(int) -> isAllSet
    int setValue(int,int) -> setValue
    short setShortValue(short,short) -> setShortValue
    int clear(int) -> clear
    short clearShort(short) -> clearShort
    byte clearByte(byte) -> clearByte
    int set(int) -> set
    short setShort(short) -> setShort
    byte setByte(byte) -> setByte
    int setBoolean(int,boolean) -> setBoolean
    short setShortBoolean(short,boolean) -> setShortBoolean
    byte setByteBoolean(byte,boolean) -> setByteBoolean