proguard/usage.txt
com.stiggpwnz.schedule.BuildConfig
com.stiggpwnz.schedule.DayFragment:
    public static final java.lang.String TODAY
    public static final java.lang.String LESSONS
    public static final java.lang.String DAY
com.stiggpwnz.schedule.DaysAdapter:
    public static final int DAYS_NUMBER
com.stiggpwnz.schedule.EditLessonFragment:
    public static final java.lang.String INPUT
    public static final java.lang.String LESSON
    public static final java.lang.String DAY
com.stiggpwnz.schedule.LessonsAdapter:
    public static final int LESSONS_NUMBER
com.stiggpwnz.schedule.PreferenceActivity:
    public static final java.lang.String FACULTY
    public static final java.lang.String GROUP
    private static final int GROUP_NAME_CELL
com.stiggpwnz.schedule.R
com.stiggpwnz.schedule.R$array
com.stiggpwnz.schedule.R$attr
com.stiggpwnz.schedule.R$bool
com.stiggpwnz.schedule.R$color
com.stiggpwnz.schedule.R$dimen
com.stiggpwnz.schedule.R$drawable
com.stiggpwnz.schedule.R$id
com.stiggpwnz.schedule.R$integer
com.stiggpwnz.schedule.R$layout
com.stiggpwnz.schedule.R$menu
com.stiggpwnz.schedule.R$string
com.stiggpwnz.schedule.R$style
com.stiggpwnz.schedule.R$styleable
com.stiggpwnz.schedule.R$xml
com.stiggpwnz.schedule.ScheduleApplication:
    private static final java.lang.String GROUP_NAME
    private static final java.lang.String ODD_WEEK
    private static final java.lang.String EVEN_WEEK
    private static final int ODD
    private static final int EVEN
    private static final int FIRST_LESSON_CELL
    221:221:public int getWeek()
...
android.support.v4.accessibilityservice.AccessibilityServiceInfoCompat
android.support.v4.accessibilityservice.AccessibilityServiceInfoCompat$AccessibilityServiceInfoIcsImpl
android.support.v4.accessibilityservice.AccessibilityServiceInfoCompat$AccessibilityServiceInfoStubImpl
android.support.v4.accessibilityservice.AccessibilityServiceInfoCompat$AccessibilityServiceInfoVersionImpl
android.support.v4.accessibilityservice.AccessibilityServiceInfoCompatIcs
android.support.v4.content.AsyncTaskLoader
android.support.v4.content.AsyncTaskLoader$LoadTask
android.support.v4.content.ContextCompatHoneycomb:
    25:25:ContextCompatHoneycomb()
android.support.v4.content.ContextCompatJellybean:
    23:23:ContextCompatJellybean()
android.support.v4.content.CursorLoader
android.support.v4.content.IntentCompat
android.support.v4.content.Loader:
    android.content.Context mContext
    90:92:public Loader(android.content.Context)
    102:105:public void deliverResult(java.lang.Object)
    111:111:public android.content.Context getContext()
    118:118:public int getId()
    157:157:public boolean isStarted()
    166:166:public boolean isAbandoned()
    175:175:public boolean isReset()
    217:218:public void forceLoad()
    225:225:protected void onForceLoad()
    312:314:public boolean takeContentChanged()
    326:334:public void onContentChanged()
android.support.v4.content.Loader$ForceLoadContentObserver
android.support.v4.content.Loader$OnLoadCompleteListener:
    public abstract void onLoadComplete(android.support.v4.content.Loader,java.lang.Object)
android.support.v4.content.LocalBroadcastManager
android.support.v4.content.LocalBroadcastManager$1
android.support.v4.content.LocalBroadcastManager$BroadcastRecord
android.support.v4.content.LocalBroadcastManager$ReceiverRecord
android.support.v4.content.ModernAsyncTask
android.support.v4.content.ModernAsyncTask$1
android.support.v4.content.ModernAsyncTask$2
android.support.v4.content.ModernAsyncTask$3
android.support.v4.content.ModernAsyncTask$4
android.support.v4.content.ModernAsyncTask$AsyncTaskResult
android.support.v4.content.ModernAsyncTask$InternalHandler
android.support.v4.content.ModernAsyncTask$Status
android.support.v4.content.ModernAsyncTask$WorkerRunnable
android.support.v4.content.pm.ActivityInfoCompat
android.support.v4.database.DatabaseUtilsCompat
android.support.v4.net.ConnectivityManagerCompat
android.support.v4.net.ConnectivityManagerCompat$BaseConnectivityManagerCompatImpl
android.support.v4.net.ConnectivityManagerCompat$ConnectivityManagerCompatImpl
android.support.v4.net.ConnectivityManagerCompat$GingerbreadConnectivityManagerCompatImpl
android.support.v4.net.ConnectivityManagerCompat$HoneycombMR2ConnectivityManagerCompatImpl
android.support.v4.net.ConnectivityManagerCompat$JellyBeanConnectivityManagerCompatImpl
android.support.v4.net.ConnectivityManagerCompatGingerbread
android.support.v4.net.ConnectivityManagerCompatHoneycombMR2
android.support.v4.net.ConnectivityManagerCompatJellyBean
android.support.v4.net.TrafficStatsCompat
android.support.v4.net.TrafficStatsCompat$1
android.support.v4.net.TrafficStatsCompat$BaseTrafficStatsCompatImpl
android.support.v4.net.TrafficStatsCompat$BaseTrafficStatsCompatImpl$1
android.support.v4.net.TrafficStatsCompat$BaseTrafficStatsCompatImpl$SocketTags
android.support.v4.net.TrafficStatsCompat$IcsTrafficStatsCompatImpl
android.support.v4.net.TrafficStatsCompat$TrafficStatsCompatImpl
android.support.v4.net.TrafficStatsCompatIcs
android.support.v4.os.ParcelableCompat:
    26:42:public ParcelableCompat()
android.support.v4.os.ParcelableCompatCreatorHoneycombMR2Stub:
    22:22:ParcelableCompatCreatorHoneycombMR2Stub()
android.support.v4.util.DebugUtils:
    25:25:public DebugUtils()
android.support.v4.util.LongSparseArray
android.support.v4.util.LruCache